# JRE version: Java(TM) SE Runtime Environment (7.0_80-b15) (build 1.7.0_80-b15)
# Java VM: Java HotSpot(TM) Server VM (24.80-b11 mixed mode linux-x86 )
Heap
 PSYoungGen      total 26880K, used 1778K [0x9dfc0000, 0x9fbc0000, 0xb3540000)
  eden space 25088K, 0% used [0x9dfc0000,0x9dfc0000,0x9f840000)
  from space 1792K, 99% used [0x9f840000,0x9f9fc8a0,0x9fa00000)
  to   space 1792K, 0% used [0x9fa00000,0x9fa00000,0x9fbc0000)
 ParOldGen       total 32256K, used 11120K [0x73540000, 0x754c0000, 0x9dfc0000)
  object space 32256K, 34% used [0x73540000,0x7401c320,0x754c0000)
 PSPermGen       total 16384K, used 4185K [0x6f540000, 0x70540000, 0x73540000)
  object space 16384K, 25% used [0x6f540000,0x6f956428,0x70540000)
GC Heap History (9 events):
Event: 5.312 GC heap before
{Heap before GC invocations=1 (full 0):
 PSYoungGen      total 14336K, used 12544K [0x9dfc0000, 0x9ef80000, 0xb3540000)
  eden space 12544K, 100% used [0x9dfc0000,0x9ec00000,0x9ec00000)
  from space 1792K, 0% used [0x9edc0000,0x9edc0000,0x9ef80000)
  to   space 1792K, 0% used [0x9ec00000,0x9ec00000,0x9edc0000)
 ParOldGen       total 32256K, used 0K [0x73540000, 0x754c0000, 0x9dfc0000)
  object space 32256K, 0% used [0x73540000,0x73540000,0x754c0000)
 PSPermGen       total 16384K, used 3287K [0x6f540000, 0x70540000, 0x73540000)
  object space 16384K, 20% used [0x6f540000,0x6f875cd8,0x70540000)
Event: 5.332 GC heap after
Heap after GC invocations=1 (full 0):
 PSYoungGen      total 14336K, used 1777K [0x9dfc0000, 0x9ef80000, 0xb3540000)
  eden space 12544K, 0% used [0x9dfc0000,0x9dfc0000,0x9ec00000)
  from space 1792K, 99% used [0x9ec00000,0x9edbc7c0,0x9edc0000)
  to   space 1792K, 0% used [0x9edc0000,0x9edc0000,0x9ef80000)
 ParOldGen       total 32256K, used 1187K [0x73540000, 0x754c0000, 0x9dfc0000)
  object space 32256K, 3% used [0x73540000,0x73668d78,0x754c0000)
 PSPermGen       total 16384K, used 3287K [0x6f540000, 0x70540000, 0x73540000)
  object space 16384K, 20% used [0x6f540000,0x6f875cd8,0x70540000)
}
Event: 6.089 GC heap before
{Heap before GC invocations=2 (full 0):
 PSYoungGen      total 14336K, used 14321K [0x9dfc0000, 0x9ef80000, 0xb3540000)
  eden space 12544K, 100% used [0x9dfc0000,0x9ec00000,0x9ec00000)
  from space 1792K, 99% used [0x9ec00000,0x9edbc7c0,0x9edc0000)
  to   space 1792K, 0% used [0x9edc0000,0x9edc0000,0x9ef80000)
 ParOldGen       total 32256K, used 1187K [0x73540000, 0x754c0000, 0x9dfc0000)
  object space 32256K, 3% used [0x73540000,0x73668d78,0x754c0000)
 PSPermGen       total 16384K, used 3373K [0x6f540000, 0x70540000, 0x73540000)
  object space 16384K, 20% used [0x6f540000,0x6f88b790,0x70540000)
Event: 6.108 GC heap after
Heap after GC invocations=2 (full 0):
 PSYoungGen      total 14336K, used 1786K [0x9dfc0000, 0x9fbc0000, 0xb3540000)
  eden space 12544K, 0% used [0x9dfc0000,0x9dfc0000,0x9ec00000)
  from space 1792K, 99% used [0x9edc0000,0x9ef7ebb0,0x9ef80000)
  to   space 1792K, 0% used [0x9ec00000,0x9ec00000,0x9edc0000)
 ParOldGen       total 32256K, used 3078K [0x73540000, 0x754c0000, 0x9dfc0000)
  object space 32256K, 9% used [0x73540000,0x73841ab0,0x754c0000)
 PSPermGen       total 16384K, used 3373K [0x6f540000, 0x70540000, 0x73540000)
  object space 16384K, 20% used [0x6f540000,0x6f88b790,0x70540000)
}
Event: 6.780 GC heap before
{Heap before GC invocations=3 (full 0):
 PSYoungGen      total 14336K, used 14330K [0x9dfc0000, 0x9fbc0000, 0xb3540000)
  eden space 12544K, 100% used [0x9dfc0000,0x9ec00000,0x9ec00000)
  from space 1792K, 99% used [0x9edc0000,0x9ef7ebb0,0x9ef80000)
  to   space 1792K, 0% used [0x9ec00000,0x9ec00000,0x9edc0000)
 ParOldGen       total 32256K, used 3078K [0x73540000, 0x754c0000, 0x9dfc0000)
  object space 32256K, 9% used [0x73540000,0x73841ab0,0x754c0000)
 PSPermGen       total 16384K, used 3438K [0x6f540000, 0x70540000, 0x73540000)
  object space 16384K, 20% used [0x6f540000,0x6f89b848,0x70540000)
Event: 6.801 GC heap after
Heap after GC invocations=3 (full 0):
 PSYoungGen      total 14336K, used 1785K [0x9dfc0000, 0x9fbc0000, 0xb3540000)
  eden space 12544K, 0% used [0x9dfc0000,0x9dfc0000,0x9ec00000)
  from space 1792K, 99% used [0x9ec00000,0x9edbe680,0x9edc0000)
  to   space 1792K, 0% used [0x9fa00000,0x9fa00000,0x9fbc0000)
 ParOldGen       total 32256K, used 5365K [0x73540000, 0x754c0000, 0x9dfc0000)
  object space 32256K, 16% used [0x73540000,0x73a7d758,0x754c0000)
 PSPermGen       total 16384K, used 3438K [0x6f540000, 0x70540000, 0x73540000)
  object space 16384K, 20% used [0x6f540000,0x6f89b848,0x70540000)
}
Event: 13.312 GC heap before
{Heap before GC invocations=4 (full 0):
 PSYoungGen      total 14336K, used 14329K [0x9dfc0000, 0x9fbc0000, 0xb3540000)
  eden space 12544K, 100% used [0x9dfc0000,0x9ec00000,0x9ec00000)
  from space 1792K, 99% used [0x9ec00000,0x9edbe680,0x9edc0000)
  to   space 1792K, 0% used [0x9fa00000,0x9fa00000,0x9fbc0000)
 ParOldGen       total 32256K, used 5365K [0x73540000, 0x754c0000, 0x9dfc0000)
  object space 32256K, 16% used [0x73540000,0x73a7d758,0x754c0000)
 PSPermGen       total 16384K, used 3451K [0x6f540000, 0x70540000, 0x73540000)
  object space 16384K, 21% used [0x6f540000,0x6f89ecf0,0x70540000)
Event: 13.485 GC heap after
Heap after GC invocations=4 (full 0):
 PSYoungGen      total 26880K, used 1786K [0x9dfc0000, 0x9fbc0000, 0xb3540000)
  eden space 25088K, 0% used [0x9dfc0000,0x9dfc0000,0x9f840000)
  from space 1792K, 99% used [0x9fa00000,0x9fbbe8f0,0x9fbc0000)
  to   space 1792K, 0% used [0x9f840000,0x9f840000,0x9fa00000)
 ParOldGen       total 32256K, used 7271K [0x73540000, 0x754c0000, 0x9dfc0000)
  object space 32256K, 22% used [0x73540000,0x73c59f88,0x754c0000)
 PSPermGen       total 16384K, used 3451K [0x6f540000, 0x70540000, 0x73540000)
  object space 16384K, 21% used [0x6f540000,0x6f89ecf0,0x70540000)
}
Event: 109.620 GC heap before
{Heap before GC invocations=5 (full 0):
 PSYoungGen      total 26880K, used 26874K [0x9dfc0000, 0x9fbc0000, 0xb3540000)
  eden space 25088K, 100% used [0x9dfc0000,0x9f840000,0x9f840000)
  from space 1792K, 99% used [0x9fa00000,0x9fbbe8f0,0x9fbc0000)
  to   space 1792K, 0% used [0x9f840000,0x9f840000,0x9fa00000)
 ParOldGen       total 32256K, used 7271K [0x73540000, 0x754c0000, 0x9dfc0000)
  object space 32256K, 22% used [0x73540000,0x73c59f88,0x754c0000)
 PSPermGen       total 16384K, used 4185K [0x6f540000, 0x70540000, 0x73540000)
  object space 16384K, 25% used [0x6f540000,0x6f956428,0x70540000)

